#
# There is insufficient memory for the Java Runtime Environment to continue.
# Native memory allocation (malloc) failed to allocate 32744 bytes for ChunkPool::allocate
# Possible reasons:
#   The system is out of physical RAM or swap space
#   The process is running with CompressedOops enabled, and the Java Heap may be blocking the growth of the native heap
# Possible solutions:
#   Reduce memory load on the system
#   Increase physical memory or swap space
#   Check if swap backing store is full
#   Decrease Java heap size (-Xmx/-Xms)
#   Decrease number of Java threads
#   Decrease Java thread stack sizes (-Xss)
#   Set larger code cache with -XX:ReservedCodeCacheSize=
#   JVM is running with Unscaled Compressed Oops mode in which the Java heap is
#     placed in the first 4GB address space. The Java Heap base address is the
#     maximum limit for the native heap growth. Please use -XX:HeapBaseMinAddress
#     to set the Java Heap base and to place the Java Heap above 4GB virtual address.
# This output file may be truncated or incomplete.
#
#  Out of Memory Error (allocation.cpp:272), pid=20036, tid=0x00000000000057a4
#
# JRE version: OpenJDK Runtime Environment (8.0_242-b01) (build 1.8.0_242-release-1644-b01)
# Java VM: OpenJDK 64-Bit Server VM (25.242-b01 mixed mode windows-amd64 compressed oops)
# Failed to write core dump. Minidumps are not enabled by default on client versions of Windows
#

---------------  T H R E A D  ---------------

Current thread (0x00000000184b8800):  JavaThread "C2 CompilerThread1" daemon [_thread_in_native, id=22436, stack(0x0000000018e80000,0x0000000018f80000)]

Stack: [0x0000000018e80000,0x0000000018f80000]
[error occurred during error reporting (printing stack bounds), id 0xc0000005]

Native frames: (J=compiled Java code, j=interpreted, Vv=VM code, C=native code)


Current CompileTask:
C2:5402949 14003       4       org.gradle.internal.logging.console.StyledTextOutputBackedRenderer::onOutput (260 bytes)


---------------  P R O C E S S  ---------------

Java Threads: ( => current thread )
  0x000000001a525000 JavaThread "Exec process Thread 9" [_thread_in_native, id=4800, stack(0x0000000027c60000,0x0000000027d60000)]
  0x000000001a51c000 JavaThread "Exec process Thread 8" [_thread_in_native, id=19516, stack(0x0000000027b60000,0x0000000027c60000)]
  0x000000001a51b000 JavaThread "Exec process Thread 7" [_thread_in_native, id=23780, stack(0x0000000027a60000,0x0000000027b60000)]
  0x000000001a522000 JavaThread "Cache worker for execution history cache (C:\Users\TIM\AndroidStudioProjects\playzone\gimibits\android\.gradle\5.6.2\executionHistory)" [_thread_blocked, id=28056, stack(0x0000000027960000,0x0000000027a60000)]
  0x000000001a520800 JavaThread "Execution worker for ':' Thread 7" [_thread_blocked, id=25684, stack(0x0000000027660000,0x0000000027760000)]
  0x000000001a519000 JavaThread "Execution worker for ':' Thread 6" [_thread_blocked, id=28432, stack(0x0000000027560000,0x0000000027660000)]
  0x000000001a51d000 JavaThread "Execution worker for ':' Thread 5" [_thread_blocked, id=23136, stack(0x0000000027460000,0x0000000027560000)]
  0x000000001a51f000 JavaThread "Execution worker for ':' Thread 4" [_thread_blocked, id=19020, stack(0x0000000027360000,0x0000000027460000)]
  0x000000001a520000 JavaThread "Execution worker for ':' Thread 3" [_thread_blocked, id=27100, stack(0x0000000027260000,0x0000000027360000)]
  0x000000001a517800 JavaThread "Execution worker for ':' Thread 2" [_thread_blocked, id=5552, stack(0x0000000025f10000,0x0000000026010000)]
  0x000000001a51a800 JavaThread "Execution worker for ':'" [_thread_blocked, id=28276, stack(0x0000000025e10000,0x0000000025f10000)]
  0x000000001a51e800 JavaThread "Cache worker for file content cache (C:\Users\TIM\AndroidStudioProjects\playzone\gimibits\android\.gradle\5.6.2\fileContent)" [_thread_blocked, id=24372, stack(0x0000000025d10000,0x0000000025e10000)]
  0x0000000020a37000 JavaThread "Cache worker for Build Output Cleanup Cache (C:\Users\TIM\AndroidStudioProjects\playzone\gimibits\android\.gradle\buildOutputCleanup)" [_thread_blocked, id=10184, stack(0x00000000259b0000,0x0000000025ab0000)]
  0x0000000020a36800 JavaThread "pool-4-thread-1" [_thread_blocked, id=25164, stack(0x00000000226e0000,0x00000000227e0000)]
  0x0000000020a3d800 JavaThread "Build operations Thread 8" [_thread_blocked, id=27804, stack(0x00000000223e0000,0x00000000224e0000)]
  0x0000000020a35800 JavaThread "Build operations Thread 7" [_thread_blocked, id=10480, stack(0x0000000021ee0000,0x0000000021fe0000)]
  0x0000000020a3b000 JavaThread "Build operations Thread 6" [_thread_blocked, id=5556, stack(0x0000000021de0000,0x0000000021ee0000)]
  0x0000000020a39800 JavaThread "Build operations Thread 5" [_thread_blocked, id=23788, stack(0x0000000021ce0000,0x0000000021de0000)]
  0x0000000020a38000 JavaThread "Build operations Thread 4" [_thread_blocked, id=7976, stack(0x0000000021be0000,0x0000000021ce0000)]
  0x0000000020a3a000 JavaThread "Build operations Thread 3" [_thread_blocked, id=23696, stack(0x0000000021ae0000,0x0000000021be0000)]
  0x0000000020a3b800 JavaThread "Build operations Thread 2" [_thread_blocked, id=28632, stack(0x00000000219e0000,0x0000000021ae0000)]
  0x0000000020a3c800 JavaThread "Build operations" [_thread_blocked, id=3856, stack(0x00000000218e0000,0x00000000219e0000)]
  0x0000000020a2e000 JavaThread "Cache worker for cache directory md-rule (C:\Users\TIM\.gradle\caches\5.6.2\md-rule)" [_thread_blocked, id=27836, stack(0x00000000217e0000,0x00000000218e0000)]
  0x0000000020a31000 JavaThread "Cache worker for cache directory md-supplier (C:\Users\TIM\.gradle\caches\5.6.2\md-supplier)" [_thread_blocked, id=10228, stack(0x000000001ff80000,0x0000000020080000)]
  0x0000000020a35000 JavaThread "Cache worker for file hash cache (C:\Users\TIM\AndroidStudioProjects\playzone\gimibits\android\.gradle\5.6.2\fileHashes)" [_thread_blocked, id=24612, stack(0x000000001ee70000,0x000000001ef70000)]
  0x0000000020a32800 JavaThread "Thread-76" [_thread_blocked, id=16572, stack(0x000000001e570000,0x000000001e670000)]
  0x0000000020a34000 JavaThread "Stdin handler" [_thread_blocked, id=4320, stack(0x000000001caa0000,0x000000001cba0000)]
  0x0000000020a2f800 JavaThread "Asynchronous log dispatcher for DefaultDaemonConnection: socket connection from /127.0.0.1:50044 to /127.0.0.1:60981" [_thread_blocked, id=18472, stack(0x000000001c7a0000,0x000000001c8a0000)]
  0x0000000020a33800 JavaThread "Daemon worker Thread 3" [_thread_blocked, id=23416, stack(0x000000001c4a0000,0x000000001c5a0000)]
  0x000000001aece000 JavaThread "Cancel handler" [_thread_blocked, id=12928, stack(0x0000000000c40000,0x0000000000d40000)]
  0x000000001aecd800 JavaThread "Handler for socket connection from /127.0.0.1:50044 to /127.0.0.1:60981" [_thread_in_native, id=21992, stack(0x0000000000b00000,0x0000000000c00000)]
  0x000000001aed3800 JavaThread "Daemon Thread 3" [_thread_blocked, id=6620, stack(0x0000000000a00000,0x0000000000b00000)]
  0x000000001a523800 JavaThread "Cache worker for file content cache (C:\Users\TIM\.gradle\caches\5.6.2\fileContent)" [_thread_blocked, id=25520, stack(0x00000000244b0000,0x00000000245b0000)]
  0x000000001a521800 JavaThread "Memory manager" [_thread_blocked, id=23944, stack(0x00000000243b0000,0x00000000244b0000)]
  0x000000001a518000 JavaThread "Cache worker for execution history cache (C:\Users\TIM\.gradle\caches\5.6.2\executionHistory)" [_thread_blocked, id=25864, stack(0x00000000214e0000,0x00000000215e0000)]
  0x000000001aecc800 JavaThread "Cache worker for journal cache (C:\Users\TIM\.gradle\caches\journal-1)" [_thread_blocked, id=25612, stack(0x000000001d0a0000,0x000000001d1a0000)]
  0x000000001aed2000 JavaThread "File lock request listener" [_thread_in_native, id=21912, stack(0x000000001cfa0000,0x000000001d0a0000)]
  0x000000001aed0800 JavaThread "Cache worker for file hash cache (C:\Users\TIM\.gradle\caches\5.6.2\fileHashes)" [_thread_blocked, id=26056, stack(0x000000001cea0000,0x000000001cfa0000)]
  0x000000001add6000 JavaThread "Daemon periodic checks" [_thread_blocked, id=22144, stack(0x000000001c3a0000,0x000000001c4a0000)]
  0x000000001ada6800 JavaThread "Incoming local TCP Connector on port 50044" [_thread_in_native, id=7440, stack(0x000000001c160000,0x000000001c260000)]
  0x000000001ad1d800 JavaThread "Daemon health stats" [_thread_blocked, id=25304, stack(0x000000001bb20000,0x000000001bc20000)]
  0x0000000018548800 JavaThread "Service Thread" daemon [_thread_blocked, id=24416, stack(0x0000000019180000,0x0000000019280000)]
  0x00000000184bf800 JavaThread "C1 CompilerThread3" daemon [_thread_blocked, id=23232, stack(0x0000000019080000,0x0000000019180000)]
  0x00000000184b9800 JavaThread "C2 CompilerThread2" daemon [_thread_blocked, id=20160, stack(0x0000000018f80000,0x0000000019080000)]
=>0x00000000184b8800 JavaThread "C2 CompilerThread1" daemon [_thread_in_native, id=22436, stack(0x0000000018e80000,0x0000000018f80000)]
  0x00000000184b3800 JavaThread "C2 CompilerThread0" daemon [_thread_blocked, id=20868, stack(0x0000000018d80000,0x0000000018e80000)]
  0x00000000184b0800 JavaThread "Attach Listener" daemon [_thread_blocked, id=13724, stack(0x0000000018c80000,0x0000000018d80000)]
  0x00000000184af000 JavaThread "Signal Dispatcher" daemon [_thread_blocked, id=25784, stack(0x0000000018b80000,0x0000000018c80000)]
  0x00000000184a0800 JavaThread "Finalizer" daemon [_thread_blocked, id=26384, stack(0x0000000018980000,0x0000000018a80000)]
  0x00000000166bb800 JavaThread "Reference Handler" daemon [_thread_blocked, id=6920, stack(0x0000000018880000,0x0000000018980000)]
  0x000000000262e800 JavaThread "main" [_thread_blocked, id=25552, stack(0x0000000002700000,0x0000000002800000)]

Other Threads:
  0x00000000166b6800 VMThread [stack: 0x0000000018380000,0x0000000018480000] [id=25032]
  0x0000000018549800 WatcherThread [stack: 0x0000000019280000,0x0000000019380000] [id=20120]

VM state:not at safepoint (normal execution)

VM Mutex/Monitor currently owned by a thread: None

heap address: 0x00000000a0000000, size: 1536 MB, Compressed Oops mode: 32-bit
Narrow klass base: 0x0000000000000000, Narrow klass shift: 3
Compressed class space size: 1073741824 Address: 0x0000000100000000

Heap:
 PSYoungGen      total 243200K, used 56678K [0x00000000e0000000, 0x00000000f3700000, 0x0000000100000000)
  eden space 198656K, 11% used [0x00000000e0000000,0x00000000e16c0b90,0x00000000ec200000)
  from space 44544K, 74% used [0x00000000ec200000,0x00000000ee298d38,0x00000000eed80000)
  to   space 47616K, 0% used [0x00000000f0880000,0x00000000f0880000,0x00000000f3700000)
 ParOldGen       total 262144K, used 130152K [0x00000000a0000000, 0x00000000b0000000, 0x00000000e0000000)
  object space 262144K, 49% used [0x00000000a0000000,0x00000000a7f1a308,0x00000000b0000000)
 Metaspace       used 76484K, capacity 80388K, committed 80680K, reserved 1118208K
  class space    used 10111K, capacity 10965K, committed 11048K, reserved 1048576K

Card table byte_map: [0x0000000011cc0000,0x0000000011fd0000] byte_map_base: 0x00000000117c0000

Marking Bits: (ParMarkBitMap*) 0x000000005944f030
 Begin Bits: [0x00000000129d0000, 0x00000000141d0000)
 End Bits:   [0x00000000141d0000, 0x00000000159d0000)

Polling page: 0x0000000000da0000

CodeCache: size=245760Kb used=38417Kb max_used=38448Kb free=207342Kb
 bounds [0x0000000002900000, 0x0000000004ee0000, 0x0000000011900000]
 total_blobs=12652 nmethods=11822 adapters=742
 compilation: enabled

Compilation events (10 events):
Event: 5394.811 Thread 0x00000000184bf800 nmethod 13997 0x0000000004eb0c10 code [0x0000000004eb0ec0, 0x0000000004eb24f8]
Event: 5394.811 Thread 0x00000000184bf800 13999       3       java.lang.ProcessEnvironment::addToEnv (20 bytes)
Event: 5394.812 Thread 0x00000000184bf800 nmethod 13999 0x00000000033c1410 code [0x00000000033c1640, 0x00000000033c2398]
Event: 5394.819 Thread 0x00000000184bf800 14000       1       java.lang.Thread::isDaemon (5 bytes)
Event: 5394.819 Thread 0x00000000184bf800 nmethod 14000 0x0000000004259e90 code [0x0000000004259fe0, 0x000000000425a0f0]
Event: 5394.819 Thread 0x00000000184bf800 14001       1       java.lang.Thread::getPriority (5 bytes)
Event: 5394.820 Thread 0x00000000184bf800 nmethod 14001 0x000000000428d450 code [0x000000000428d5a0, 0x000000000428d6b0]
Event: 5402.790 Thread 0x00000000184bf800 14002       3       org.gradle.internal.logging.text.AbstractLineChoppingStyledTextOutput::doAppend (43 bytes)
Event: 5402.790 Thread 0x00000000184b8800 14003       4       org.gradle.internal.logging.console.StyledTextOutputBackedRenderer::onOutput (260 bytes)
Event: 5402.791 Thread 0x00000000184bf800 nmethod 14002 0x0000000002dcb990 code [0x0000000002dcbb40, 0x0000000002dcbfc8]

GC Heap History (10 events):
Event: 55.235 GC heap before
{Heap before GC invocations=21 (full 3):
 PSYoungGen      total 190464K, used 181072K [0x00000000e0000000, 0x00000000ee500000, 0x0000000100000000)
  eden space 173056K, 94% used [0x00000000e0000000,0x00000000e9fd7218,0x00000000ea900000)
  from space 17408K, 99% used [0x00000000ea900000,0x00000000eb9fd050,0x00000000eba00000)
  to   space 23040K, 0% used [0x00000000ece80000,0x00000000ece80000,0x00000000ee500000)
 ParOldGen       total 117760K, used 46893K [0x00000000a0000000, 0x00000000a7300000, 0x00000000e0000000)
  object space 117760K, 39% used [0x00000000a0000000,0x00000000a2dcb780,0x00000000a7300000)
 Metaspace       used 71382K, capacity 75022K, committed 75176K, reserved 1114112K
  class space    used 9763K, capacity 10550K, committed 10664K, reserved 1048576K
Event: 55.258 GC heap after
Heap after GC invocations=21 (full 3):
 PSYoungGen      total 196096K, used 23029K [0x00000000e0000000, 0x00000000f0b80000, 0x0000000100000000)
  eden space 173056K, 0% used [0x00000000e0000000,0x00000000e0000000,0x00000000ea900000)
  from space 23040K, 99% used [0x00000000ece80000,0x00000000ee4fd690,0x00000000ee500000)
  to   space 38400K, 0% used [0x00000000ea900000,0x00000000ea900000,0x00000000ece80000)
 ParOldGen       total 117760K, used 78938K [0x00000000a0000000, 0x00000000a7300000, 0x00000000e0000000)
  object space 117760K, 67% used [0x00000000a0000000,0x00000000a4d169c0,0x00000000a7300000)
 Metaspace       used 71382K, capacity 75022K, committed 75176K, reserved 1114112K
  class space    used 9763K, capacity 10550K, committed 10664K, reserved 1048576K
}
Event: 56.041 GC heap before
{Heap before GC invocations=22 (full 3):
 PSYoungGen      total 196096K, used 195494K [0x00000000e0000000, 0x00000000f0b80000, 0x0000000100000000)
  eden space 173056K, 99% used [0x00000000e0000000,0x00000000ea86c448,0x00000000ea900000)
  from space 23040K, 99% used [0x00000000ece80000,0x00000000ee4fd690,0x00000000ee500000)
  to   space 38400K, 0% used [0x00000000ea900000,0x00000000ea900000,0x00000000ece80000)
 ParOldGen       total 117760K, used 78938K [0x00000000a0000000, 0x00000000a7300000, 0x00000000e0000000)
  object space 117760K, 67% used [0x00000000a0000000,0x00000000a4d169c0,0x00000000a7300000)
 Metaspace       used 71527K, capacity 75152K, committed 75432K, reserved 1114112K
  class space    used 9790K, capacity 10591K, committed 10664K, reserved 1048576K
Event: 56.061 GC heap after
Heap after GC invocations=22 (full 3):
 PSYoungGen      total 211456K, used 34736K [0x00000000e0000000, 0x00000000f1800000, 0x0000000100000000)
  eden space 173056K, 0% used [0x00000000e0000000,0x00000000e0000000,0x00000000ea900000)
  from space 38400K, 90% used [0x00000000ea900000,0x00000000ecaec378,0x00000000ece80000)
  to   space 43520K, 0% used [0x00000000eed80000,0x00000000eed80000,0x00000000f1800000)
 ParOldGen       total 145408K, used 135222K [0x00000000a0000000, 0x00000000a8e00000, 0x00000000e0000000)
  object space 145408K, 92% used [0x00000000a0000000,0x00000000a840db38,0x00000000a8e00000)
 Metaspace       used 71527K, capacity 75152K, committed 75432K, reserved 1114112K
  class space    used 9790K, capacity 10591K, committed 10664K, reserved 1048576K
}
Event: 56.061 GC heap before
{Heap before GC invocations=23 (full 4):
 PSYoungGen      total 211456K, used 34736K [0x00000000e0000000, 0x00000000f1800000, 0x0000000100000000)
  eden space 173056K, 0% used [0x00000000e0000000,0x00000000e0000000,0x00000000ea900000)
  from space 38400K, 90% used [0x00000000ea900000,0x00000000ecaec378,0x00000000ece80000)
  to   space 43520K, 0% used [0x00000000eed80000,0x00000000eed80000,0x00000000f1800000)
 ParOldGen       total 145408K, used 135222K [0x00000000a0000000, 0x00000000a8e00000, 0x00000000e0000000)
  object space 145408K, 92% used [0x00000000a0000000,0x00000000a840db38,0x00000000a8e00000)
 Metaspace       used 71527K, capacity 75152K, committed 75432K, reserved 1114112K
  class space    used 9790K, capacity 10591K, committed 10664K, reserved 1048576K
Event: 56.220 GC heap after
Heap after GC invocations=23 (full 4):
 PSYoungGen      total 211456K, used 0K [0x00000000e0000000, 0x00000000f1800000, 0x0000000100000000)
  eden space 173056K, 0% used [0x00000000e0000000,0x00000000e0000000,0x00000000ea900000)
  from space 38400K, 0% used [0x00000000ea900000,0x00000000ea900000,0x00000000ece80000)
  to   space 43520K, 0% used [0x00000000eed80000,0x00000000eed80000,0x00000000f1800000)
 ParOldGen       total 262144K, used 130136K [0x00000000a0000000, 0x00000000b0000000, 0x00000000e0000000)
  object space 262144K, 49% used [0x00000000a0000000,0x00000000a7f16308,0x00000000b0000000)
 Metaspace       used 71238K, capacity 74354K, committed 75432K, reserved 1114112K
  class space    used 9696K, capacity 10426K, committed 10664K, reserved 1048576K
}
Event: 4984.678 GC heap before
{Heap before GC invocations=24 (full 4):
 PSYoungGen      total 211456K, used 173056K [0x00000000e0000000, 0x00000000f1800000, 0x0000000100000000)
  eden space 173056K, 100% used [0x00000000e0000000,0x00000000ea900000,0x00000000ea900000)
  from space 38400K, 0% used [0x00000000ea900000,0x00000000ea900000,0x00000000ece80000)
  to   space 43520K, 0% used [0x00000000eed80000,0x00000000eed80000,0x00000000f1800000)
 ParOldGen       total 262144K, used 130136K [0x00000000a0000000, 0x00000000b0000000, 0x00000000e0000000)
  object space 262144K, 49% used [0x00000000a0000000,0x00000000a7f16308,0x00000000b0000000)
 Metaspace       used 75526K, capacity 78978K, committed 79272K, reserved 1118208K
  class space    used 10028K, capacity 10850K, committed 10920K, reserved 1048576K
Event: 4985.049 GC heap after
Heap after GC invocations=24 (full 4):
 PSYoungGen      total 242176K, used 26379K [0x00000000e0000000, 0x00000000f1900000, 0x0000000100000000)
  eden space 198656K, 0% used [0x00000000e0000000,0x00000000e0000000,0x00000000ec200000)
  from space 43520K, 60% used [0x00000000eed80000,0x00000000f0742f90,0x00000000f1800000)
  to   space 44544K, 0% used [0x00000000ec200000,0x00000000ec200000,0x00000000eed80000)
 ParOldGen       total 262144K, used 130144K [0x00000000a0000000, 0x00000000b0000000, 0x00000000e0000000)
  object space 262144K, 49% used [0x00000000a0000000,0x00000000a7f18308,0x00000000b0000000)
 Metaspace       used 75526K, capacity 78978K, committed 79272K, reserved 1118208K
  class space    used 10028K, capacity 10850K, committed 10920K, reserved 1048576K
}
Event: 5393.825 GC heap before
{Heap before GC invocations=25 (full 4):
 PSYoungGen      total 242176K, used 225035K [0x00000000e0000000, 0x00000000f1900000, 0x0000000100000000)
  eden space 198656K, 100% used [0x00000000e0000000,0x00000000ec200000,0x00000000ec200000)
  from space 43520K, 60% used [0x00000000eed80000,0x00000000f0742f90,0x00000000f1800000)
  to   space 44544K, 0% used [0x00000000ec200000,0x00000000ec200000,0x00000000eed80000)
 ParOldGen       total 262144K, used 130144K [0x00000000a0000000, 0x00000000b0000000, 0x00000000e0000000)
  object space 262144K, 49% used [0x00000000a0000000,0x00000000a7f18308,0x00000000b0000000)
 Metaspace       used 76468K, capacity 80318K, committed 80424K, reserved 1118208K
  class space    used 10110K, capacity 10964K, committed 11048K, reserved 1048576K
Event: 5394.172 GC heap after
Heap after GC invocations=25 (full 4):
 PSYoungGen      total 243200K, used 33379K [0x00000000e0000000, 0x00000000f3700000, 0x0000000100000000)
  eden space 198656K, 0% used [0x00000000e0000000,0x00000000e0000000,0x00000000ec200000)
  from space 44544K, 74% used [0x00000000ec200000,0x00000000ee298d38,0x00000000eed80000)
  to   space 47616K, 0% used [0x00000000f0880000,0x00000000f0880000,0x00000000f3700000)
 ParOldGen       total 262144K, used 130152K [0x00000000a0000000, 0x00000000b0000000, 0x00000000e0000000)
  object space 262144K, 49% used [0x00000000a0000000,0x00000000a7f1a308,0x00000000b0000000)
 Metaspace       used 76468K, capacity 80318K, committed 80424K, reserved 1118208K
  class space    used 10110K, capacity 10964K, committed 11048K, reserved 1048576K
}

Deoptimization events (10 events):
Event: 5389.207 Thread 0x0000000020a3a000 Uncommon trap: reason=unstable_if action=reinterpret pc=0x00000000037f7c54 method=java.util.concurrent.ConcurrentHashMap.addCount(JI)V @ 7
Event: 5389.207 Thread 0x0000000020a35800 Uncommon trap: reason=unstable_if action=reinterpret pc=0x00000000037f7c54 method=java.util.concurrent.ConcurrentHashMap.addCount(JI)V @ 7
Event: 5389.676 Thread 0x0000000020a33800 Uncommon trap: reason=class_check action=maybe_recompile pc=0x000000000474c5a4 method=java.security.MessageDigest$Delegate.clone()Ljava/lang/Object; @ 4
Event: 5392.532 Thread 0x0000000020a2f800 Uncommon trap: reason=unstable_if action=reinterpret pc=0x0000000003fd4674 method=com.esotericsoftware.kryo.io.Output.writeVarLong(JZ)I @ 55
Event: 5393.780 Thread 0x000000001a520800 Uncommon trap: reason=unstable_if action=reinterpret pc=0x0000000002ef895c method=java.util.concurrent.ConcurrentLinkedQueue.offer(Ljava/lang/Object;)Z @ 91
Event: 5394.522 Thread 0x000000001a517800 Uncommon trap: reason=unstable_if action=reinterpret pc=0x000000000439d85c method=com.google.common.collect.MapMakerInternalMap$Segment.getEntry(Ljava/lang/Object;I)Lcom/google/common/collect/MapMakerInternalMap$InternalEntry; @ 40
Event: 5394.524 Thread 0x000000001a517800 Uncommon trap: reason=unstable_if action=reinterpret pc=0x0000000003340b10 method=com.google.common.collect.MapMakerInternalMap$Segment.getEntry(Ljava/lang/Object;I)Lcom/google/common/collect/MapMakerInternalMap$InternalEntry; @ 40
Event: 5394.533 Thread 0x000000001a517800 Uncommon trap: reason=unstable_if action=reinterpret pc=0x0000000004283d70 method=com.google.common.collect.MapMakerInternalMap$Segment.getEntry(Ljava/lang/Object;I)Lcom/google/common/collect/MapMakerInternalMap$InternalEntry; @ 40
Event: 5402.789 Thread 0x000000001a51c000 Uncommon trap: reason=unstable_if action=reinterpret pc=0x000000000474d62c method=org.gradle.internal.logging.text.AbstractLineChoppingStyledTextOutput$2.execute(Lorg/gradle/internal/logging/text/AbstractLineChoppingStyledTextOutput$StateContext;)V @ 30
Event: 5402.790 Thread 0x000000001a51c000 Uncommon trap: reason=unstable_if action=reinterpret pc=0x0000000002d0b68c method=org.gradle.internal.logging.text.AbstractLineChoppingStyledTextOutput$2.execute(Lorg/gradle/internal/logging/text/AbstractLineChoppingStyledTextOutput$StateContext;)V @ 30

Classes redefined (0 events):
No events

Internal exceptions (10 events):
Event: 5016.111 Thread 0x0000000020a31000 Exception <a 'sun/nio/fs/WindowsException'> (0x00000000e3525608) thrown at [C:\src\AOSP-openjdk-git\hotspot\src\share\vm\prims\jni.cpp, line 710]
Event: 5016.120 Thread 0x0000000020a31000 Exception <a 'sun/nio/fs/WindowsException'> (0x00000000e35273b0) thrown at [C:\src\AOSP-openjdk-git\hotspot\src\share\vm\prims\jni.cpp, line 710]
Event: 5016.121 Thread 0x0000000020a31000 Exception <a 'sun/nio/fs/WindowsException'> (0x00000000e3528c70) thrown at [C:\src\AOSP-openjdk-git\hotspot\src\share\vm\prims\jni.cpp, line 710]
Event: 5016.121 Thread 0x0000000020a31000 Exception <a 'sun/nio/fs/WindowsException'> (0x00000000e352a538) thrown at [C:\src\AOSP-openjdk-git\hotspot\src\share\vm\prims\jni.cpp, line 710]
Event: 5016.440 Thread 0x0000000020a32800 Exception <a 'java/lang/NoSuchMethodError': <clinit>> (0x00000000e4f12400) thrown at [C:\src\AOSP-openjdk-git\hotspot\src\share\vm\prims\jni.cpp, line 1615]
Event: 5016.448 Thread 0x0000000020a32800 Exception <a 'java/lang/NoSuchMethodError': <clinit>> (0x00000000e4f21d78) thrown at [C:\src\AOSP-openjdk-git\hotspot\src\share\vm\prims\jni.cpp, line 1615]
Event: 5016.451 Thread 0x0000000020a32800 Exception <a 'java/lang/NoSuchMethodError': <clinit>> (0x00000000e4f24228) thrown at [C:\src\AOSP-openjdk-git\hotspot\src\share\vm\prims\jni.cpp, line 1615]
Event: 5016.452 Thread 0x0000000020a32800 Exception <a 'java/lang/NoSuchMethodError': <clinit>> (0x00000000e4f343f8) thrown at [C:\src\AOSP-openjdk-git\hotspot\src\share\vm\prims\jni.cpp, line 1615]
Event: 5016.453 Thread 0x0000000020a32800 Exception <a 'java/lang/NoSuchMethodError': <clinit>> (0x00000000e4f3f7a8) thrown at [C:\src\AOSP-openjdk-git\hotspot\src\share\vm\prims\jni.cpp, line 1615]
Event: 5389.552 Thread 0x0000000020a33800 Exception <a 'sun/nio/fs/WindowsException'> (0x00000000e61ffb18) thrown at [C:\src\AOSP-openjdk-git\hotspot\src\share\vm\prims\jni.cpp, line 710]

Events (10 events):
Event: 5394.533 Thread 0x000000001a517800 DEOPT UNPACKING pc=0x000000000294557b sp=0x000000002600d8f0 mode 2
Event: 5394.810 Thread 0x000000001a51b000 Thread added: 0x000000001a51b000
Event: 5394.819 Thread 0x000000001a51c000 Thread added: 0x000000001a51c000
Event: 5394.819 Thread 0x000000001a525000 Thread added: 0x000000001a525000
Event: 5402.789 Thread 0x000000001a51c000 Uncommon trap: trap_request=0xffffff65 fr.pc=0x000000000474d62c
Event: 5402.789 Thread 0x000000001a51c000 DEOPT PACKING pc=0x000000000474d62c sp=0x0000000027c5ec80
Event: 5402.789 Thread 0x000000001a51c000 DEOPT UNPACKING pc=0x000000000294557b sp=0x0000000027c5eae0 mode 2
Event: 5402.790 Thread 0x000000001a51c000 Uncommon trap: trap_request=0xffffff65 fr.pc=0x0000000002d0b68c
Event: 5402.790 Thread 0x000000001a51c000 DEOPT PACKING pc=0x0000000002d0b68c sp=0x0000000027c5ec30
Event: 5402.791 Thread 0x000000001a51c000 DEOPT UNPACKING pc=0x000000000294557b sp=0x0000000027c5eac8 mode 2


Dynamic libraries:
0x00007ff746d40000 - 0x00007ff746d71000 	C:\Program Files\Android\Android Studio\jre\bin\java.exe
0x00007ffe99f20000 - 0x00007ffe9a110000 	C:\WINDOWS\SYSTEM32\ntdll.dll
0x00007ffe981b0000 - 0x00007ffe98262000 	C:\WINDOWS\System32\KERNEL32.DLL
0x00007ffe97070000 - 0x00007ffe97315000 	C:\WINDOWS\System32\KERNELBASE.dll
0x00007ffe99bd0000 - 0x00007ffe99c73000 	C:\WINDOWS\System32\ADVAPI32.dll
0x00007ffe99d60000 - 0x00007ffe99dfe000 	C:\WINDOWS\System32\msvcrt.dll
0x00007ffe98940000 - 0x00007ffe989d7000 	C:\WINDOWS\System32\sechost.dll
0x00007ffe99310000 - 0x00007ffe99430000 	C:\WINDOWS\System32\RPCRT4.dll
0x00007ffe986f0000 - 0x00007ffe98884000 	C:\WINDOWS\System32\USER32.dll
0x00007ffe97f20000 - 0x00007ffe97f41000 	C:\WINDOWS\System32\win32u.dll
0x00007ffe97fd0000 - 0x00007ffe97ff6000 	C:\WINDOWS\System32\GDI32.dll
0x00007ffe97d80000 - 0x00007ffe97f16000 	C:\WINDOWS\System32\gdi32full.dll
0x00007ffe96fb0000 - 0x00007ffe9704e000 	C:\WINDOWS\System32\msvcp_win.dll
0x00007ffe96eb0000 - 0x00007ffe96faa000 	C:\WINDOWS\System32\ucrtbase.dll
0x00007ffe7feb0000 - 0x00007ffe80134000 	C:\WINDOWS\WinSxS\amd64_microsoft.windows.common-controls_6595b64144ccf1df_6.0.18362.1139_none_9e7bf2d3e4605ac6\COMCTL32.dll
0x00007ffe98270000 - 0x00007ffe985a5000 	C:\WINDOWS\System32\combase.dll
0x00007ffe97b00000 - 0x00007ffe97b80000 	C:\WINDOWS\System32\bcryptPrimitives.dll
0x00007ffe992e0000 - 0x00007ffe9930e000 	C:\WINDOWS\System32\IMM32.DLL
0x0000000058ba0000 - 0x0000000058c72000 	C:\Program Files\Android\Android Studio\jre\jre\bin\msvcr100.dll
0x0000000058c80000 - 0x00000000594cb000 	C:\Program Files\Android\Android Studio\jre\jre\bin\server\jvm.dll
0x00007ffe99bc0000 - 0x00007ffe99bc8000 	C:\WINDOWS\System32\PSAPI.DLL
0x00007ffe8d910000 - 0x00007ffe8d91a000 	C:\WINDOWS\SYSTEM32\VERSION.dll
0x00007ffe91230000 - 0x00007ffe91254000 	C:\WINDOWS\SYSTEM32\WINMM.dll
0x00007ffe84d20000 - 0x00007ffe84d29000 	C:\WINDOWS\SYSTEM32\WSOCK32.dll
0x00007ffe989f0000 - 0x00007ffe98a5f000 	C:\WINDOWS\System32\WS2_32.dll
0x00007ffe90b40000 - 0x00007ffe90b6d000 	C:\WINDOWS\SYSTEM32\winmmbase.dll
0x00007ffe97f80000 - 0x00007ffe97fca000 	C:\WINDOWS\System32\cfgmgr32.dll
0x00007ffe8e5b0000 - 0x00007ffe8e5bf000 	C:\Program Files\Android\Android Studio\jre\jre\bin\verify.dll
0x00007ffe8c160000 - 0x00007ffe8c189000 	C:\Program Files\Android\Android Studio\jre\jre\bin\java.dll
0x00007ffe8c310000 - 0x00007ffe8c326000 	C:\Program Files\Android\Android Studio\jre\jre\bin\zip.dll
0x00007ffe994d0000 - 0x00007ffe99bb7000 	C:\WINDOWS\System32\SHELL32.dll
0x00007ffe98890000 - 0x00007ffe98939000 	C:\WINDOWS\System32\shcore.dll
0x00007ffe97380000 - 0x00007ffe97b00000 	C:\WINDOWS\System32\windows.storage.dll
0x00007ffe96e30000 - 0x00007ffe96e53000 	C:\WINDOWS\System32\profapi.dll
0x00007ffe96e60000 - 0x00007ffe96eaa000 	C:\WINDOWS\System32\powrprof.dll
0x00007ffe96de0000 - 0x00007ffe96df0000 	C:\WINDOWS\System32\UMPDC.dll
0x00007ffe98be0000 - 0x00007ffe98c32000 	C:\WINDOWS\System32\shlwapi.dll
0x00007ffe96df0000 - 0x00007ffe96e01000 	C:\WINDOWS\System32\kernel.appcore.dll
0x00007ffe97050000 - 0x00007ffe97067000 	C:\WINDOWS\System32\cryptsp.dll
0x00007ffe8c140000 - 0x00007ffe8c15a000 	C:\Program Files\Android\Android Studio\jre\jre\bin\net.dll
0x00007ffe96630000 - 0x00007ffe96697000 	C:\WINDOWS\system32\mswsock.dll
0x00007ffe84730000 - 0x00007ffe84743000 	C:\Program Files\Android\Android Studio\jre\jre\bin\nio.dll
0x00007ffe70300000 - 0x00007ffe70326000 	C:\Users\TIM\.gradle\native\30\windows-amd64\native-platform.dll
0x00007ffe8c440000 - 0x00007ffe8c44d000 	C:\Program Files\Android\Android Studio\jre\jre\bin\management.dll
0x00007ffe96140000 - 0x00007ffe96173000 	C:\WINDOWS\system32\rsaenh.dll
0x00007ffe97f50000 - 0x00007ffe97f76000 	C:\WINDOWS\System32\bcrypt.dll
0x00007ffe96d00000 - 0x00007ffe96d25000 	C:\WINDOWS\SYSTEM32\USERENV.dll
0x00007ffe96800000 - 0x00007ffe9680c000 	C:\WINDOWS\SYSTEM32\CRYPTBASE.dll
0x00007ffe96340000 - 0x00007ffe9637a000 	C:\WINDOWS\SYSTEM32\IPHLPAPI.DLL
0x00007ffe989e0000 - 0x00007ffe989e8000 	C:\WINDOWS\System32\NSI.dll
0x00007ffe8a490000 - 0x00007ffe8a4a6000 	C:\WINDOWS\SYSTEM32\dhcpcsvc6.DLL
0x00007ffe8b7b0000 - 0x00007ffe8b7cc000 	C:\WINDOWS\SYSTEM32\dhcpcsvc.DLL
0x00007ffe96380000 - 0x00007ffe9644b000 	C:\WINDOWS\SYSTEM32\DNSAPI.dll

VM Arguments:
jvm_args: -Xmx1536M -Dfile.encoding=windows-1252 -Duser.country=US -Duser.language=en -Duser.variant 
java_command: org.gradle.launcher.daemon.bootstrap.GradleDaemon 5.6.2
java_class_path (initial): C:\Users\TIM\.gradle\wrapper\dists\gradle-5.6.2-all\9st6wgf78h16so49nn74lgtbb\gradle-5.6.2\lib\gradle-launcher-5.6.2.jar
Launcher Type: SUN_STANDARD

Environment Variables:
JAVA_HOME=C:\Program Files\Android\Android Studio\jre
CLASSPATH=C:\Users\TIM\AndroidStudioProjects\playzone\gimibits\android\\gradle\wrapper\gradle-wrapper.jar
PATH=C:\Program Files (x86)\Intel\Intel(R) Management Engine Components\iCLS\;C:\Program Files\Intel\Intel(R) Management Engine Components\iCLS\;C:\WINDOWS\system32;C:\WINDOWS;C:\WINDOWS\System32\Wbem;C:\WINDOWS\System32\WindowsPowerShell\v1.0\;C:\WINDOWS\System32\OpenSSH\;C:\Program Files (x86)\Intel\Intel(R) Management Engine Components\DAL;C:\Program Files\Intel\Intel(R) Management Engine Components\DAL;C:\Program Files\nodejs\;C:\Program Files\Git\cmd;C:\Users\TIM\AppData\Local\Microsoft\WindowsApps;C:\Users\TIM\AppData\Local\Programs\Microsoft VS Code\bin;C:\Flutter\flutter\bin;C:\Users\TIM\AppData\Roaming\npm;C:\Users\TIM\AppData\Local\GitHubDesktop\bin;%USERPROFILE%\AppData\Local\Microsoft\WindowsApps;
USERNAME=TIM
OS=Windows_NT
PROCESSOR_IDENTIFIER=Intel64 Family 6 Model 142 Stepping 10, GenuineIntel



---------------  S Y S T E M  ---------------

OS: Windows 10.0 , 64 bit Build 18362 (10.0.18362.1110)

CPU:total 8 (initial active 8) (4 cores per cpu, 2 threads per core) family 6 model 142 stepping 10, cmov, cx8, fxsr, mmx, sse, sse2, sse3, ssse3, sse4.1, sse4.2, popcnt, avx, avx2, aes, clmul, erms, 3dnowpref, lzcnt, ht, tsc, tscinvbit, bmi1, bmi2, adx

Memory: 4k page, physical 8105828k(156200k free), swap 33271652k(256k free)

vm_info: OpenJDK 64-Bit Server VM (25.242-b01) for windows-amd64 JRE (1.8.0_242-release-1644-b01), built by "builder" with MS VC++ 10.0 (VS2010)

time: Tue Nov 24 09:53:33 2020
timezone: W. Central Africa Standard Time
elapsed time: 5402 seconds (0d 1h 30m 2s)

